\BOOKMARK [1][-]{Section.0.Cross-validation.1}{\376\377\000C\000r\000o\000s\000s\000-\000v\000a\000l\000i\000d\000a\000t\000i\000o\000n}{}% 1
\BOOKMARK [1][-]{Section.1.Examples.1}{\376\377\000E\000x\000a\000m\000p\000l\000e\000s}{}% 2
\BOOKMARK [2][-]{Subsection.2.0.Polynomial regression for the Auto data.2}{\376\377\000P\000o\000l\000y\000n\000o\000m\000i\000a\000l\000\040\000r\000e\000g\000r\000e\000s\000s\000i\000o\000n\000\040\000f\000o\000r\000\040\000t\000h\000e\000\040\000A\000u\000t\000o\000\040\000d\000a\000t\000a}{Section.1.Examples.1}% 3
\BOOKMARK [3][-]{Subsubsection.2.1.0.Using cv().3}{\376\377\000U\000s\000i\000n\000g\000\040\000c\000v\000\050\000\051}{Subsection.2.0.Polynomial regression for the Auto data.2}% 4
\BOOKMARK [3][-]{Subsubsection.2.1.1.Comparing competing models.3}{\376\377\000C\000o\000m\000p\000a\000r\000i\000n\000g\000\040\000c\000o\000m\000p\000e\000t\000i\000n\000g\000\040\000m\000o\000d\000e\000l\000s}{Subsection.2.0.Polynomial regression for the Auto data.2}% 5
\BOOKMARK [2][-]{Subsection.2.1.Logistic regression for the Mroz data.2}{\376\377\000L\000o\000g\000i\000s\000t\000i\000c\000\040\000r\000e\000g\000r\000e\000s\000s\000i\000o\000n\000\040\000f\000o\000r\000\040\000t\000h\000e\000\040\000M\000r\000o\000z\000\040\000d\000a\000t\000a}{Section.1.Examples.1}% 6
\BOOKMARK [1][-]{Section.2.Cross-validating mixed-effects models.1}{\376\377\000C\000r\000o\000s\000s\000-\000v\000a\000l\000i\000d\000a\000t\000i\000n\000g\000\040\000m\000i\000x\000e\000d\000-\000e\000f\000f\000e\000c\000t\000s\000\040\000m\000o\000d\000e\000l\000s}{}% 7
\BOOKMARK [2][-]{Subsection.3.0.Example: The High-School and Beyond data.2}{\376\377\000E\000x\000a\000m\000p\000l\000e\000:\000\040\000T\000h\000e\000\040\000H\000i\000g\000h\000-\000S\000c\000h\000o\000o\000l\000\040\000a\000n\000d\000\040\000B\000e\000y\000o\000n\000d\000\040\000d\000a\000t\000a}{Section.2.Cross-validating mixed-effects models.1}% 8
\BOOKMARK [2][-]{Subsection.3.1.Example: Contrived hierarchical data.2}{\376\377\000E\000x\000a\000m\000p\000l\000e\000:\000\040\000C\000o\000n\000t\000r\000i\000v\000e\000d\000\040\000h\000i\000e\000r\000a\000r\000c\000h\000i\000c\000a\000l\000\040\000d\000a\000t\000a}{Section.2.Cross-validating mixed-effects models.1}% 9
\BOOKMARK [2][-]{Subsection.3.2.Example: Crossed random effects.2}{\376\377\000E\000x\000a\000m\000p\000l\000e\000:\000\040\000C\000r\000o\000s\000s\000e\000d\000\040\000r\000a\000n\000d\000o\000m\000\040\000e\000f\000f\000e\000c\000t\000s}{Section.2.Cross-validating mixed-effects models.1}% 10
\BOOKMARK [1][-]{Section.3.Replicating cross-validation.1}{\376\377\000R\000e\000p\000l\000i\000c\000a\000t\000i\000n\000g\000\040\000c\000r\000o\000s\000s\000-\000v\000a\000l\000i\000d\000a\000t\000i\000o\000n}{}% 11
\BOOKMARK [1][-]{Section.4.Cross-validating model selection.1}{\376\377\000C\000r\000o\000s\000s\000-\000v\000a\000l\000i\000d\000a\000t\000i\000n\000g\000\040\000m\000o\000d\000e\000l\000\040\000s\000e\000l\000e\000c\000t\000i\000o\000n}{}% 12
\BOOKMARK [2][-]{Subsection.5.0.A preliminary example.2}{\376\377\000A\000\040\000p\000r\000e\000l\000i\000m\000i\000n\000a\000r\000y\000\040\000e\000x\000a\000m\000p\000l\000e}{Section.4.Cross-validating model selection.1}% 13
\BOOKMARK [2][-]{Subsection.5.1.Mroz's logistic regression revisited.2}{\376\377\000M\000r\000o\000z\000'\000s\000\040\000l\000o\000g\000i\000s\000t\000i\000c\000\040\000r\000e\000g\000r\000e\000s\000s\000i\000o\000n\000\040\000r\000e\000v\000i\000s\000i\000t\000e\000d}{Section.4.Cross-validating model selection.1}% 14
\BOOKMARK [2][-]{Subsection.5.2.Cross-validating choice of transformations in regression.2}{\376\377\000C\000r\000o\000s\000s\000-\000v\000a\000l\000i\000d\000a\000t\000i\000n\000g\000\040\000c\000h\000o\000i\000c\000e\000\040\000o\000f\000\040\000t\000r\000a\000n\000s\000f\000o\000r\000m\000a\000t\000i\000o\000n\000s\000\040\000i\000n\000\040\000r\000e\000g\000r\000e\000s\000s\000i\000o\000n}{Section.4.Cross-validating model selection.1}% 15
\BOOKMARK [2][-]{Subsection.5.3.Selecting both transformations and predictors.2}{\376\377\000S\000e\000l\000e\000c\000t\000i\000n\000g\000\040\000b\000o\000t\000h\000\040\000t\000r\000a\000n\000s\000f\000o\000r\000m\000a\000t\000i\000o\000n\000s\000\040\000a\000n\000d\000\040\000p\000r\000e\000d\000i\000c\000t\000o\000r\000s}{Section.4.Cross-validating model selection.1}% 16
\BOOKMARK [1][-]{Section.5.Parallel computations.1}{\376\377\000P\000a\000r\000a\000l\000l\000e\000l\000\040\000c\000o\000m\000p\000u\000t\000a\000t\000i\000o\000n\000s}{}% 17
\BOOKMARK [1][-]{Section.6.Extending the cv package.1}{\376\377\000E\000x\000t\000e\000n\000d\000i\000n\000g\000\040\000t\000h\000e\000\040\000c\000v\000\040\000p\000a\000c\000k\000a\000g\000e}{}% 18
\BOOKMARK [2][-]{Subsection.7.0.Adding a cost criterion.2}{\376\377\000A\000d\000d\000i\000n\000g\000\040\000a\000\040\000c\000o\000s\000t\000\040\000c\000r\000i\000t\000e\000r\000i\000o\000n}{Section.6.Extending the cv package.1}% 19
\BOOKMARK [2][-]{Subsection.7.1.Adding a model class not covered by the default cv() method.2}{\376\377\000A\000d\000d\000i\000n\000g\000\040\000a\000\040\000m\000o\000d\000e\000l\000\040\000c\000l\000a\000s\000s\000\040\000n\000o\000t\000\040\000c\000o\000v\000e\000r\000e\000d\000\040\000b\000y\000\040\000t\000h\000e\000\040\000d\000e\000f\000a\000u\000l\000t\000\040\000c\000v\000\050\000\051\000\040\000m\000e\000t\000h\000o\000d}{Section.6.Extending the cv package.1}% 20
\BOOKMARK [3][-]{Subsubsection.7.2.0.Independently sampled cases.3}{\376\377\000I\000n\000d\000e\000p\000e\000n\000d\000e\000n\000t\000l\000y\000\040\000s\000a\000m\000p\000l\000e\000d\000\040\000c\000a\000s\000e\000s}{Subsection.7.1.Adding a model class not covered by the default cv() method.2}% 21
\BOOKMARK [3][-]{Subsubsection.7.2.1.Mixed-effects models.3}{\376\377\000M\000i\000x\000e\000d\000-\000e\000f\000f\000e\000c\000t\000s\000\040\000m\000o\000d\000e\000l\000s}{Subsection.7.1.Adding a model class not covered by the default cv() method.2}% 22
\BOOKMARK [2][-]{Subsection.7.2.Adding a model-selection procedure.2}{\376\377\000A\000d\000d\000i\000n\000g\000\040\000a\000\040\000m\000o\000d\000e\000l\000-\000s\000e\000l\000e\000c\000t\000i\000o\000n\000\040\000p\000r\000o\000c\000e\000d\000u\000r\000e}{Section.6.Extending the cv package.1}% 23
\BOOKMARK [1][-]{Section.7.Computational notes.1}{\376\377\000C\000o\000m\000p\000u\000t\000a\000t\000i\000o\000n\000a\000l\000\040\000n\000o\000t\000e\000s}{}% 24
\BOOKMARK [2][-]{Subsection.8.0.Efficient computations for linear and generalized linear models.2}{\376\377\000E\000f\000f\000i\000c\000i\000e\000n\000t\000\040\000c\000o\000m\000p\000u\000t\000a\000t\000i\000o\000n\000s\000\040\000f\000o\000r\000\040\000l\000i\000n\000e\000a\000r\000\040\000a\000n\000d\000\040\000g\000e\000n\000e\000r\000a\000l\000i\000z\000e\000d\000\040\000l\000i\000n\000e\000a\000r\000\040\000m\000o\000d\000e\000l\000s}{Section.7.Computational notes.1}% 25
\BOOKMARK [2][-]{Subsection.8.1.Computation of the bias-corrected CV criterion and confidence intervals.2}{\376\377\000C\000o\000m\000p\000u\000t\000a\000t\000i\000o\000n\000\040\000o\000f\000\040\000t\000h\000e\000\040\000b\000i\000a\000s\000-\000c\000o\000r\000r\000e\000c\000t\000e\000d\000\040\000C\000V\000\040\000c\000r\000i\000t\000e\000r\000i\000o\000n\000\040\000a\000n\000d\000\040\000c\000o\000n\000f\000i\000d\000e\000n\000c\000e\000\040\000i\000n\000t\000e\000r\000v\000a\000l\000s}{Section.7.Computational notes.1}% 26
\BOOKMARK [1][-]{Section.8.Why the complement of AUC isn't a casewise CV criterion.1}{\376\377\000W\000h\000y\000\040\000t\000h\000e\000\040\000c\000o\000m\000p\000l\000e\000m\000e\000n\000t\000\040\000o\000f\000\040\000A\000U\000C\000\040\000i\000s\000n\000'\000t\000\040\000a\000\040\000c\000a\000s\000e\000w\000i\000s\000e\000\040\000C\000V\000\040\000c\000r\000i\000t\000e\000r\000i\000o\000n}{}% 27
